0 info it worked if it ends with ok
1 verbose cli [ '/usr/local/Cellar/node/4.2.1/bin/node',
1 verbose cli   '/usr/local/bin/npm',
1 verbose cli   'install',
1 verbose cli   '-g',
1 verbose cli   'codewars-runner' ]
2 info using npm@2.14.7
3 info using node@v4.2.1
4 verbose install initial load of /usr/local/lib/package.json
5 verbose readDependencies loading dependencies from /usr/local/lib/package.json
6 silly cache add args [ 'codewars-runner', null ]
7 verbose cache add spec codewars-runner
8 silly cache add parsed spec Result {
8 silly cache add   raw: 'codewars-runner',
8 silly cache add   scope: null,
8 silly cache add   name: 'codewars-runner',
8 silly cache add   rawSpec: '',
8 silly cache add   spec: '*',
8 silly cache add   type: 'range' }
9 silly addNamed codewars-runner@*
10 verbose addNamed "*" is a valid semver range for codewars-runner
11 silly addNameRange { name: 'codewars-runner', range: '*', hasData: false }
12 silly mapToRegistry name codewars-runner
13 silly mapToRegistry using default registry
14 silly mapToRegistry registry https://registry.npmjs.org/
15 silly mapToRegistry uri https://registry.npmjs.org/codewars-runner
16 verbose addNameRange registry:https://registry.npmjs.org/codewars-runner not in flight; fetching
17 verbose request uri https://registry.npmjs.org/codewars-runner
18 verbose request no auth needed
19 info attempt registry request try #1 at 10:06:30 PM
20 verbose request id 4c5290b4629192a0
21 http request GET https://registry.npmjs.org/codewars-runner
22 http 200 https://registry.npmjs.org/codewars-runner
23 verbose headers { server: 'CouchDB/1.5.0 (Erlang OTP/R16B03)',
23 verbose headers   etag: '"BNDO17AGMA6FDISM9PG2UAHUV"',
23 verbose headers   'content-type': 'application/json',
23 verbose headers   'cache-control': 'max-age=300',
23 verbose headers   'content-length': '5342',
23 verbose headers   'accept-ranges': 'bytes',
23 verbose headers   date: 'Sun, 31 Jan 2016 03:06:30 GMT',
23 verbose headers   via: '1.1 varnish',
23 verbose headers   age: '0',
23 verbose headers   connection: 'keep-alive',
23 verbose headers   'x-served-by': 'cache-iad2127-IAD',
23 verbose headers   'x-cache': 'MISS',
23 verbose headers   'x-cache-hits': '0',
23 verbose headers   'x-timer': 'S1454209590.491420,VS0,VE64',
23 verbose headers   vary: 'Accept' }
24 silly get cb [ 200,
24 silly get   { server: 'CouchDB/1.5.0 (Erlang OTP/R16B03)',
24 silly get     etag: '"BNDO17AGMA6FDISM9PG2UAHUV"',
24 silly get     'content-type': 'application/json',
24 silly get     'cache-control': 'max-age=300',
24 silly get     'content-length': '5342',
24 silly get     'accept-ranges': 'bytes',
24 silly get     date: 'Sun, 31 Jan 2016 03:06:30 GMT',
24 silly get     via: '1.1 varnish',
24 silly get     age: '0',
24 silly get     connection: 'keep-alive',
24 silly get     'x-served-by': 'cache-iad2127-IAD',
24 silly get     'x-cache': 'MISS',
24 silly get     'x-cache-hits': '0',
24 silly get     'x-timer': 'S1454209590.491420,VS0,VE64',
24 silly get     vary: 'Accept' } ]
25 verbose get saving codewars-runner to /Users/lhao/.npm/registry.npmjs.org/codewars-runner/.cache.json
26 silly addNameRange number 2 { name: 'codewars-runner', range: '*', hasData: true }
27 silly addNameRange versions [ 'codewars-runner', [ '0.1.5' ] ]
28 silly addNamed codewars-runner@0.1.5
29 verbose addNamed "0.1.5" is a plain semver version for codewars-runner
30 silly mapToRegistry name codewars-runner
31 silly mapToRegistry using default registry
32 silly mapToRegistry registry https://registry.npmjs.org/
33 silly mapToRegistry uri https://registry.npmjs.org/codewars-runner
34 verbose addRemoteTarball https://registry.npmjs.org/codewars-runner/-/codewars-runner-0.1.5.tgz not in flight; adding
35 verbose addRemoteTarball [ 'https://registry.npmjs.org/codewars-runner/-/codewars-runner-0.1.5.tgz',
35 verbose addRemoteTarball   'c45525a02fb95fdf3f8bd4698b49bee01bce6485' ]
36 info retry fetch attempt 1 at 10:06:30 PM
37 info attempt registry request try #1 at 10:06:30 PM
38 http fetch GET https://registry.npmjs.org/codewars-runner/-/codewars-runner-0.1.5.tgz
39 http fetch 404 https://registry.npmjs.org/codewars-runner/-/codewars-runner-0.1.5.tgz
40 error fetch failed https://registry.npmjs.org/codewars-runner/-/codewars-runner-0.1.5.tgz
41 warn retry will retry, error on last attempt: Error: fetch failed with status code 404
42 info retry fetch attempt 2 at 10:06:41 PM
43 info attempt registry request try #1 at 10:06:41 PM
44 http fetch GET https://registry.npmjs.org/codewars-runner/-/codewars-runner-0.1.5.tgz
45 http fetch 404 https://registry.npmjs.org/codewars-runner/-/codewars-runner-0.1.5.tgz
46 error fetch failed https://registry.npmjs.org/codewars-runner/-/codewars-runner-0.1.5.tgz
47 warn retry will retry, error on last attempt: Error: fetch failed with status code 404
48 info retry fetch attempt 3 at 10:07:41 PM
49 info attempt registry request try #1 at 10:07:41 PM
50 http fetch GET https://registry.npmjs.org/codewars-runner/-/codewars-runner-0.1.5.tgz
51 http fetch 404 https://registry.npmjs.org/codewars-runner/-/codewars-runner-0.1.5.tgz
52 error fetch failed https://registry.npmjs.org/codewars-runner/-/codewars-runner-0.1.5.tgz
53 verbose stack Error: fetch failed with status code 404
53 verbose stack     at Request.<anonymous> (/usr/local/lib/node_modules/npm/node_modules/npm-registry-client/lib/fetch.js:51:14)
53 verbose stack     at emitOne (events.js:77:13)
53 verbose stack     at Request.emit (events.js:169:7)
53 verbose stack     at Request.onRequestResponse (/usr/local/lib/node_modules/npm/node_modules/request/request.js:998:10)
53 verbose stack     at emitOne (events.js:77:13)
53 verbose stack     at ClientRequest.emit (events.js:169:7)
53 verbose stack     at HTTPParser.parserOnIncomingClient [as onIncoming] (_http_client.js:415:21)
53 verbose stack     at HTTPParser.parserOnHeadersComplete (_http_common.js:88:23)
53 verbose stack     at TLSSocket.socketOnData (_http_client.js:305:20)
53 verbose stack     at emitOne (events.js:77:13)
54 verbose cwd /Users/lhao/git/lhao_scratch/pyexec_bot
55 error Darwin 15.3.0
56 error argv "/usr/local/Cellar/node/4.2.1/bin/node" "/usr/local/bin/npm" "install" "-g" "codewars-runner"
57 error node v4.2.1
58 error npm  v2.14.7
59 error fetch failed with status code 404
60 error If you need help, you may report this error at:
60 error     <https://github.com/npm/npm/issues>
61 verbose exit [ 1, true ]
